<?xml version="1.0" encoding="UTF-8"?>
<!-- Generated by org.testng.reporters.JUnitXMLReporter -->
<testsuite hostname="ATMECSINLT-473" ignored="0" name="HeatClinic" tests="5" failures="4" timestamp="2019-11-12T23:45:16 IST" time="53.118" errors="0">
  <testcase name="verifyUserOnRespectivePage" time="0.152" classname="com.atmecs.testscript.HeatClinic">
    <failure type="java.lang.NullPointerException">
      <![CDATA[java.lang.NullPointerException
at com.atmecs.testscript.HeatClinic.verifyUserOnRespectivePage(HeatClinic.java:29)
at java.util.ArrayList.forEach(ArrayList.java:1257)
... Removed 28 stack frames]]>
    </failure>
  </testcase> <!-- verifyUserOnRespectivePage -->
  <testcase name="verifyViewingMensText" time="6.193" classname="com.atmecs.testscript.HeatClinic">
    <failure type="java.lang.IllegalArgumentException" message="Must provide a location for a move action.">
      <![CDATA[java.lang.IllegalArgumentException: Must provide a location for a move action.
at org.openqa.selenium.interactions.MoveMouseAction.<init>(MoveMouseAction.java:37)
at org.openqa.selenium.interactions.Actions.moveToElement(Actions.java:360)
at com.atmecs.helper.Helper.moveToElements(Helper.java:71)
at com.atmecs.testscript.HeatClinic.verifyViewingMensText(HeatClinic.java:45)
at java.util.ArrayList.forEach(ArrayList.java:1257)
... Removed 28 stack frames]]>
    </failure>
  </testcase> <!-- verifyViewingMensText -->
  <testcase name="buyHabaneroShirt" time="0.103" classname="com.atmecs.testscript.HeatClinic">
    <failure type="java.lang.NullPointerException">
      <![CDATA[java.lang.NullPointerException
at com.atmecs.helper.Helper.clickElement(Helper.java:60)
at com.atmecs.testscript.HeatClinic.buyHabaneroShirt(HeatClinic.java:53)
at java.util.ArrayList.forEach(ArrayList.java:1257)
... Removed 28 stack frames]]>
    </failure>
  </testcase> <!-- buyHabaneroShirt -->
  <testcase name="validateCartItem" time="0.042" classname="com.atmecs.testscript.HeatClinic">
    <failure type="java.lang.NullPointerException">
      <![CDATA[java.lang.NullPointerException
at com.atmecs.helper.Helper.clickElement(Helper.java:60)
at com.atmecs.testscript.HeatClinic.validateCartItem(HeatClinic.java:65)
at java.util.ArrayList.forEach(ArrayList.java:1257)
... Removed 28 stack frames]]>
    </failure>
  </testcase> <!-- validateCartItem -->
  <testcase name="verifyTotalPriceUpdate" time="0.003" classname="com.atmecs.testscript.HeatClinic"/>
</testsuite> <!-- HeatClinic -->
