<?xml version="1.0" encoding="UTF-8"?>
<!-- Generated by org.testng.reporters.JUnitXMLReporter -->
<testsuite hostname="ATMECSINLT-156" ignored="0" name="Default test" tests="5" failures="0" timestamp="2019-11-18T19:21:21 IST" time="0.25" errors="0">
  <testcase name="@BeforeClass startBrowser" time="0.117" classname="com.atmecs.testscript.TutorialsNinja">
    <failure type="java.lang.NullPointerException">
      <![CDATA[java.lang.NullPointerException
at com.atmecs.testscript.TutorialsNinja.startBrowser(TutorialsNinja.java:31)
at sun.reflect.NativeMethodAccessorImpl.invoke0(Native Method)
at sun.reflect.NativeMethodAccessorImpl.invoke(Unknown Source)
at sun.reflect.DelegatingMethodAccessorImpl.invoke(Unknown Source)
at java.lang.reflect.Method.invoke(Unknown Source)
at org.testng.internal.MethodInvocationHelper.invokeMethod(MethodInvocationHelper.java:133)
at org.testng.internal.MethodInvocationHelper.invokeMethodConsideringTimeout(MethodInvocationHelper.java:62)
at org.testng.internal.ConfigInvoker.invokeConfigurationMethod(ConfigInvoker.java:340)
at org.testng.internal.ConfigInvoker.invokeConfigurations(ConfigInvoker.java:294)
at org.testng.internal.TestMethodWorker.invokeBeforeClassMethods(TestMethodWorker.java:176)
at org.testng.internal.TestMethodWorker.run(TestMethodWorker.java:122)
at java.util.ArrayList.forEach(Unknown Source)
at org.testng.TestRunner.privateRun(TestRunner.java:770)
at org.testng.TestRunner.run(TestRunner.java:591)
at org.testng.SuiteRunner.runTest(SuiteRunner.java:402)
at org.testng.SuiteRunner.runSequentially(SuiteRunner.java:396)
at org.testng.SuiteRunner.privateRun(SuiteRunner.java:355)
at org.testng.SuiteRunner.run(SuiteRunner.java:304)
at org.testng.SuiteRunnerWorker.runSuite(SuiteRunnerWorker.java:53)
at org.testng.SuiteRunnerWorker.run(SuiteRunnerWorker.java:96)
at org.testng.TestNG.runSuitesSequentially(TestNG.java:1180)
at org.testng.TestNG.runSuitesLocally(TestNG.java:1102)
at org.testng.TestNG.runSuites(TestNG.java:1032)
at org.testng.TestNG.run(TestNG.java:1000)
at org.testng.remote.AbstractRemoteTestNG.run(AbstractRemoteTestNG.java:115)
at org.testng.remote.RemoteTestNG.initAndRun(RemoteTestNG.java:251)
at org.testng.remote.RemoteTestNG.main(RemoteTestNG.java:77)
]]>
    </failure>
  </testcase> <!-- @BeforeClass startBrowser -->
  <testcase name="@AfterTest endBrowser" time="-1.574085081688E9" classname="com.atmecs.testscript.TutorialsNinja">
    <skipped/>
  </testcase> <!-- @AfterTest endBrowser -->
  <testcase name="validateHomepage" time="0.0" classname="com.atmecs.testscript.TutorialsNinja">
    <skipped/>
  </testcase> <!-- validateHomepage -->
  <testcase name="addToCart" time="0.0" classname="com.atmecs.testscript.TutorialsNinja">
    <skipped/>
  </testcase> <!-- addToCart -->
  <testcase name="verifyProductInCart" time="0.0" classname="com.atmecs.testscript.TutorialsNinja">
    <skipped/>
  </testcase> <!-- verifyProductInCart -->
  <testcase name="validateProductDetail" time="0.0" classname="com.atmecs.testscript.TutorialsNinja">
    <skipped/>
  </testcase> <!-- validateProductDetail -->
  <testcase name="verifyGrandTotal" time="0.0" classname="com.atmecs.testscript.TutorialsNinja">
    <skipped/>
  </testcase> <!-- verifyGrandTotal -->
</testsuite> <!-- Default test -->
